11/12/2019 02:55:24: System.NullReferenceException: Object reference not set to an instance of an object.
   at System.Xml.XmlReader.CalcBufferSize(Stream input)
   at System.Xml.XmlTextReaderImpl.InitStreamInput(Uri baseUri, String baseUriStr, Stream stream, Byte[] bytes, Int32 byteCount, Encoding encoding)
   at System.Xml.XmlTextReaderImpl..ctor(String url, Stream input, XmlNameTable nt)
   at System.Xml.Serialization.XmlSerializer.Deserialize(Stream stream)
   at Voices.Util.Deserialise[T](Stream input) in C:\Users\Marti\Downloads\Ultrasound Decompile\Ultrasound\Ultrasound\Util.cs:line 346
   at Voices.fVoices.fVoices_Load(Object sender, EventArgs e) in C:\Users\Marti\Downloads\Ultrasound Decompile\Ultrasound\Ultrasound\fVoices.cs:line 437
   at System.Windows.Forms.Form.OnLoad(EventArgs e)
   at System.Windows.Forms.Form.OnCreateControl()
   at System.Windows.Forms.Control.CreateControl(Boolean fIgnoreVisible)
   at System.Windows.Forms.Control.CreateControl()
   at System.Windows.Forms.Control.WmShowWindow(Message& m)
   at System.Windows.Forms.Control.WndProc(Message& m)
   at System.Windows.Forms.ScrollableControl.WndProc(Message& m)
   at System.Windows.Forms.Form.WmShowWindow(Message& m)
   at System.Windows.Forms.Form.WndProc(Message& m)
   at System.Windows.Forms.Control.ControlNativeWindow.OnMessage(Message& m)
   at System.Windows.Forms.Control.ControlNativeWindow.WndProc(Message& m)
   at System.Windows.Forms.NativeWindow.Callback(IntPtr hWnd, Int32 msg, IntPtr wparam, IntPtr lparam)11/12/2019 02:56:37: System.IO.FileNotFoundException: Could not find file 'D:\Games\FINAL FANTASY VII\mods\7th Heaven\Echo-S\Echo-S\All\flevel.lgp\maplist'.
File name: 'D:\Games\FINAL FANTASY VII\mods\7th Heaven\Echo-S\Echo-S\All\flevel.lgp\maplist'
   at System.IO.__Error.WinIOError(Int32 errorCode, String maybeFullPath)
   at System.IO.FileStream.Init(String path, FileMode mode, FileAccess access, Int32 rights, Boolean useRights, FileShare share, Int32 bufferSize, FileOptions options, SECURITY_ATTRIBUTES secAttrs, String msgPath, Boolean bFromProxy, Boolean useLongPath, Boolean checkHost)
   at System.IO.FileStream..ctor(String path, FileMode mode, FileAccess access, FileShare share, Int32 bufferSize, FileOptions options, String msgPath, Boolean bFromProxy)
   at System.IO.FileStream..ctor(String path, FileMode mode)
   at Ultrasound.fTools.DoExtract(String input, String output) in C:\Users\Marti\Downloads\Ultrasound Decompile\Ultrasound\Ultrasound\fTools.cs:line 112
   at Ultrasound.fTools.bExtract_Click(Object sender, EventArgs e) in C:\Users\Marti\Downloads\Ultrasound Decompile\Ultrasound\Ultrasound\fTools.cs:line 150
   at System.Windows.Forms.Control.OnClick(EventArgs e)
   at System.Windows.Forms.Button.OnClick(EventArgs e)
   at System.Windows.Forms.Button.OnMouseUp(MouseEventArgs mevent)
   at System.Windows.Forms.Control.WmMouseUp(Message& m, MouseButtons button, Int32 clicks)
   at System.Windows.Forms.Control.WndProc(Message& m)
   at System.Windows.Forms.ButtonBase.WndProc(Message& m)
   at System.Windows.Forms.Button.WndProc(Message& m)
   at System.Windows.Forms.Control.ControlNativeWindow.OnMessage(Message& m)
   at System.Windows.Forms.Control.ControlNativeWindow.WndProc(Message& m)
   at System.Windows.Forms.NativeWindow.Callback(IntPtr hWnd, Int32 msg, IntPtr wparam, IntPtr lparam)11/12/2019 02:56:39: System.IO.FileNotFoundException: Could not find file 'D:\Games\FINAL FANTASY VII\mods\7th Heaven\Echo-S\Echo-S\All\flevel.lgp\maplist'.
File name: 'D:\Games\FINAL FANTASY VII\mods\7th Heaven\Echo-S\Echo-S\All\flevel.lgp\maplist'
   at System.IO.__Error.WinIOError(Int32 errorCode, String maybeFullPath)
   at System.IO.FileStream.Init(String path, FileMode mode, FileAccess access, Int32 rights, Boolean useRights, FileShare share, Int32 bufferSize, FileOptions options, SECURITY_ATTRIBUTES secAttrs, String msgPath, Boolean bFromProxy, Boolean useLongPath, Boolean checkHost)
   at System.IO.FileStream..ctor(String path, FileMode mode, FileAccess access, FileShare share, Int32 bufferSize, FileOptions options, String msgPath, Boolean bFromProxy)
   at System.IO.FileStream..ctor(String path, FileMode mode)
   at Ultrasound.fTools.DoExtract(String input, String output) in C:\Users\Marti\Downloads\Ultrasound Decompile\Ultrasound\Ultrasound\fTools.cs:line 112
   at Ultrasound.fTools.bExtract_Click(Object sender, EventArgs e) in C:\Users\Marti\Downloads\Ultrasound Decompile\Ultrasound\Ultrasound\fTools.cs:line 150
   at System.Windows.Forms.Control.OnClick(EventArgs e)
   at System.Windows.Forms.Button.OnClick(EventArgs e)
   at System.Windows.Forms.Button.OnMouseUp(MouseEventArgs mevent)
   at System.Windows.Forms.Control.WmMouseUp(Message& m, MouseButtons button, Int32 clicks)
   at System.Windows.Forms.Control.WndProc(Message& m)
   at System.Windows.Forms.ButtonBase.WndProc(Message& m)
   at System.Windows.Forms.Button.WndProc(Message& m)
   at System.Windows.Forms.Control.ControlNativeWindow.OnMessage(Message& m)
   at System.Windows.Forms.Control.ControlNativeWindow.WndProc(Message& m)
   at System.Windows.Forms.NativeWindow.Callback(IntPtr hWnd, Int32 msg, IntPtr wparam, IntPtr lparam)11/12/2019 02:56:39: System.IO.FileNotFoundException: Could not find file 'D:\Games\FINAL FANTASY VII\mods\7th Heaven\Echo-S\Echo-S\All\flevel.lgp\maplist'.
File name: 'D:\Games\FINAL FANTASY VII\mods\7th Heaven\Echo-S\Echo-S\All\flevel.lgp\maplist'
   at System.IO.__Error.WinIOError(Int32 errorCode, String maybeFullPath)
   at System.IO.FileStream.Init(String path, FileMode mode, FileAccess access, Int32 rights, Boolean useRights, FileShare share, Int32 bufferSize, FileOptions options, SECURITY_ATTRIBUTES secAttrs, String msgPath, Boolean bFromProxy, Boolean useLongPath, Boolean checkHost)
   at System.IO.FileStream..ctor(String path, FileMode mode, FileAccess access, FileShare share, Int32 bufferSize, FileOptions options, String msgPath, Boolean bFromProxy)
   at System.IO.FileStream..ctor(String path, FileMode mode)
   at Ultrasound.fTools.DoExtract(String input, String output) in C:\Users\Marti\Downloads\Ultrasound Decompile\Ultrasound\Ultrasound\fTools.cs:line 112
   at Ultrasound.fTools.bExtract_Click(Object sender, EventArgs e) in C:\Users\Marti\Downloads\Ultrasound Decompile\Ultrasound\Ultrasound\fTools.cs:line 150
   at System.Windows.Forms.Control.OnClick(EventArgs e)
   at System.Windows.Forms.Button.OnClick(EventArgs e)
   at System.Windows.Forms.Button.OnMouseUp(MouseEventArgs mevent)
   at System.Windows.Forms.Control.WmMouseUp(Message& m, MouseButtons button, Int32 clicks)
   at System.Windows.Forms.Control.WndProc(Message& m)
   at System.Windows.Forms.ButtonBase.WndProc(Message& m)
   at System.Windows.Forms.Button.WndProc(Message& m)
   at System.Windows.Forms.Control.ControlNativeWindow.OnMessage(Message& m)
   at System.Windows.Forms.Control.ControlNativeWindow.WndProc(Message& m)
   at System.Windows.Forms.NativeWindow.Callback(IntPtr hWnd, Int32 msg, IntPtr wparam, IntPtr lparam)11/12/2019 02:56:40: System.IO.FileNotFoundException: Could not find file 'D:\Games\FINAL FANTASY VII\mods\7th Heaven\Echo-S\Echo-S\All\flevel.lgp\maplist'.
File name: 'D:\Games\FINAL FANTASY VII\mods\7th Heaven\Echo-S\Echo-S\All\flevel.lgp\maplist'
   at System.IO.__Error.WinIOError(Int32 errorCode, String maybeFullPath)
   at System.IO.FileStream.Init(String path, FileMode mode, FileAccess access, Int32 rights, Boolean useRights, FileShare share, Int32 bufferSize, FileOptions options, SECURITY_ATTRIBUTES secAttrs, String msgPath, Boolean bFromProxy, Boolean useLongPath, Boolean checkHost)
   at System.IO.FileStream..ctor(String path, FileMode mode, FileAccess access, FileShare share, Int32 bufferSize, FileOptions options, String msgPath, Boolean bFromProxy)
   at System.IO.FileStream..ctor(String path, FileMode mode)
   at Ultrasound.fTools.DoExtract(String input, String output) in C:\Users\Marti\Downloads\Ultrasound Decompile\Ultrasound\Ultrasound\fTools.cs:line 112
   at Ultrasound.fTools.bExtract_Click(Object sender, EventArgs e) in C:\Users\Marti\Downloads\Ultrasound Decompile\Ultrasound\Ultrasound\fTools.cs:line 150
   at System.Windows.Forms.Control.OnClick(EventArgs e)
   at System.Windows.Forms.Button.OnClick(EventArgs e)
   at System.Windows.Forms.Button.OnMouseUp(MouseEventArgs mevent)
   at System.Windows.Forms.Control.WmMouseUp(Message& m, MouseButtons button, Int32 clicks)
   at System.Windows.Forms.Control.WndProc(Message& m)
   at System.Windows.Forms.ButtonBase.WndProc(Message& m)
   at System.Windows.Forms.Button.WndProc(Message& m)
   at System.Windows.Forms.Control.ControlNativeWindow.OnMessage(Message& m)
   at System.Windows.Forms.Control.ControlNativeWindow.WndProc(Message& m)
   at System.Windows.Forms.NativeWindow.Callback(IntPtr hWnd, Int32 msg, IntPtr wparam, IntPtr lparam)11/12/2019 02:57:02: System.NullReferenceException: Object reference not set to an instance of an object.
   at Voices.fVoices.fVoices_FormClosed(Object sender, FormClosedEventArgs e) in C:\Users\Marti\Downloads\Ultrasound Decompile\Ultrasound\Ultrasound\fVoices.cs:line 494
   at System.Windows.Forms.Form.OnFormClosed(FormClosedEventArgs e)
   at System.Windows.Forms.Form.WmClose(Message& m)
   at System.Windows.Forms.Form.WndProc(Message& m)
   at System.Windows.Forms.Control.ControlNativeWindow.OnMessage(Message& m)
   at System.Windows.Forms.Control.ControlNativeWindow.WndProc(Message& m)
   at System.Windows.Forms.NativeWindow.Callback(IntPtr hWnd, Int32 msg, IntPtr wparam, IntPtr lparam)11/12/2019 02:57:03: System.NullReferenceException: Object reference not set to an instance of an object.
   at Voices.fVoices.fVoices_FormClosed(Object sender, FormClosedEventArgs e) in C:\Users\Marti\Downloads\Ultrasound Decompile\Ultrasound\Ultrasound\fVoices.cs:line 494
   at System.Windows.Forms.Form.OnFormClosed(FormClosedEventArgs e)
   at System.Windows.Forms.Form.WmClose(Message& m)
   at System.Windows.Forms.Form.WndProc(Message& m)
   at System.Windows.Forms.Control.ControlNativeWindow.OnMessage(Message& m)
   at System.Windows.Forms.Control.ControlNativeWindow.WndProc(Message& m)
   at System.Windows.Forms.NativeWindow.Callback(IntPtr hWnd, Int32 msg, IntPtr wparam, IntPtr lparam)11/12/2019 02:57:04: System.NullReferenceException: Object reference not set to an instance of an object.
   at Voices.fVoices.fVoices_FormClosed(Object sender, FormClosedEventArgs e) in C:\Users\Marti\Downloads\Ultrasound Decompile\Ultrasound\Ultrasound\fVoices.cs:line 494
   at System.Windows.Forms.Form.OnFormClosed(FormClosedEventArgs e)
   at System.Windows.Forms.Form.WmClose(Message& m)
   at System.Windows.Forms.Form.WndProc(Message& m)
   at System.Windows.Forms.Control.ControlNativeWindow.OnMessage(Message& m)
   at System.Windows.Forms.Control.ControlNativeWindow.WndProc(Message& m)
   at System.Windows.Forms.NativeWindow.Callback(IntPtr hWnd, Int32 msg, IntPtr wparam, IntPtr lparam)11/12/2019 02:57:04: System.NullReferenceException: Object reference not set to an instance of an object.
   at Voices.fVoices.fVoices_FormClosed(Object sender, FormClosedEventArgs e) in C:\Users\Marti\Downloads\Ultrasound Decompile\Ultrasound\Ultrasound\fVoices.cs:line 494
   at System.Windows.Forms.Form.OnFormClosed(FormClosedEventArgs e)
   at System.Windows.Forms.Form.WmClose(Message& m)
   at System.Windows.Forms.Form.WndProc(Message& m)
   at System.Windows.Forms.Control.ControlNativeWindow.OnMessage(Message& m)
   at System.Windows.Forms.Control.ControlNativeWindow.WndProc(Message& m)
   at System.Windows.Forms.NativeWindow.Callback(IntPtr hWnd, Int32 msg, IntPtr wparam, IntPtr lparam)11/12/2019 02:57:05: System.NullReferenceException: Object reference not set to an instance of an object.
   at Voices.fVoices.fVoices_FormClosed(Object sender, FormClosedEventArgs e) in C:\Users\Marti\Downloads\Ultrasound Decompile\Ultrasound\Ultrasound\fVoices.cs:line 494
   at System.Windows.Forms.Form.OnFormClosed(FormClosedEventArgs e)
   at System.Windows.Forms.Form.WmClose(Message& m)
   at System.Windows.Forms.Form.WndProc(Message& m)
   at System.Windows.Forms.Control.ControlNativeWindow.OnMessage(Message& m)
   at System.Windows.Forms.Control.ControlNativeWindow.WndProc(Message& m)
   at System.Windows.Forms.NativeWindow.Callback(IntPtr hWnd, Int32 msg, IntPtr wparam, IntPtr lparam)11/12/2019 02:57:05: System.NullReferenceException: Object reference not set to an instance of an object.
   at Voices.fVoices.fVoices_FormClosed(Object sender, FormClosedEventArgs e) in C:\Users\Marti\Downloads\Ultrasound Decompile\Ultrasound\Ultrasound\fVoices.cs:line 494
   at System.Windows.Forms.Form.OnFormClosed(FormClosedEventArgs e)
   at System.Windows.Forms.Form.WmClose(Message& m)
   at System.Windows.Forms.Form.WndProc(Message& m)
   at System.Windows.Forms.Control.ControlNativeWindow.OnMessage(Message& m)
   at System.Windows.Forms.Control.ControlNativeWindow.WndProc(Message& m)
   at System.Windows.Forms.NativeWindow.Callback(IntPtr hWnd, Int32 msg, IntPtr wparam, IntPtr lparam)11/12/2019 02:57:06: System.NullReferenceException: Object reference not set to an instance of an object.
   at Voices.fVoices.fVoices_FormClosed(Object sender, FormClosedEventArgs e) in C:\Users\Marti\Downloads\Ultrasound Decompile\Ultrasound\Ultrasound\fVoices.cs:line 494
   at System.Windows.Forms.Form.OnFormClosed(FormClosedEventArgs e)
   at System.Windows.Forms.Form.WmClose(Message& m)
   at System.Windows.Forms.Form.WndProc(Message& m)
   at System.Windows.Forms.Control.ControlNativeWindow.OnMessage(Message& m)
   at System.Windows.Forms.Control.ControlNativeWindow.WndProc(Message& m)
   at System.Windows.Forms.NativeWindow.Callback(IntPtr hWnd, Int32 msg, IntPtr wparam, IntPtr lparam)11/12/2019 02:57:06: System.NullReferenceException: Object reference not set to an instance of an object.
   at Voices.fVoices.fVoices_FormClosed(Object sender, FormClosedEventArgs e) in C:\Users\Marti\Downloads\Ultrasound Decompile\Ultrasound\Ultrasound\fVoices.cs:line 494
   at System.Windows.Forms.Form.OnFormClosed(FormClosedEventArgs e)
   at System.Windows.Forms.Form.WmClose(Message& m)
   at System.Windows.Forms.Form.WndProc(Message& m)
   at System.Windows.Forms.Control.ControlNativeWindow.OnMessage(Message& m)
   at System.Windows.Forms.Control.ControlNativeWindow.WndProc(Message& m)
   at System.Windows.Forms.NativeWindow.Callback(IntPtr hWnd, Int32 msg, IntPtr wparam, IntPtr lparam)11/12/2019 02:57:07: System.NullReferenceException: Object reference not set to an instance of an object.
   at Voices.fVoices.fVoices_FormClosed(Object sender, FormClosedEventArgs e) in C:\Users\Marti\Downloads\Ultrasound Decompile\Ultrasound\Ultrasound\fVoices.cs:line 494
   at System.Windows.Forms.Form.OnFormClosed(FormClosedEventArgs e)
   at System.Windows.Forms.Form.WmClose(Message& m)
   at System.Windows.Forms.Form.WndProc(Message& m)
   at System.Windows.Forms.Control.ControlNativeWindow.OnMessage(Message& m)
   at System.Windows.Forms.Control.ControlNativeWindow.WndProc(Message& m)
   at System.Windows.Forms.NativeWindow.Callback(IntPtr hWnd, Int32 msg, IntPtr wparam, IntPtr lparam)11/12/2019 02:57:07: System.NullReferenceException: Object reference not set to an instance of an object.
   at Voices.fVoices.fVoices_FormClosed(Object sender, FormClosedEventArgs e) in C:\Users\Marti\Downloads\Ultrasound Decompile\Ultrasound\Ultrasound\fVoices.cs:line 494
   at System.Windows.Forms.Form.OnFormClosed(FormClosedEventArgs e)
   at System.Windows.Forms.Form.WmClose(Message& m)
   at System.Windows.Forms.Form.WndProc(Message& m)
   at System.Windows.Forms.Control.ControlNativeWindow.OnMessage(Message& m)
   at System.Windows.Forms.Control.ControlNativeWindow.WndProc(Message& m)
   at System.Windows.Forms.NativeWindow.Callback(IntPtr hWnd, Int32 msg, IntPtr wparam, IntPtr lparam)11/12/2019 03:16:38: System.NullReferenceException: Object reference not set to an instance of an object.
   at System.Xml.XmlReader.CalcBufferSize(Stream input)
   at System.Xml.XmlTextReaderImpl.InitStreamInput(Uri baseUri, String baseUriStr, Stream stream, Byte[] bytes, Int32 byteCount, Encoding encoding)
   at System.Xml.XmlTextReaderImpl..ctor(String url, Stream input, XmlNameTable nt)
   at System.Xml.Serialization.XmlSerializer.Deserialize(Stream stream)
   at Voices.Util.Deserialise[T](Stream input) in C:\Users\Marti\Downloads\Ultrasound Decompile\Ultrasound\Ultrasound\Util.cs:line 346
   at Voices.fVoices.fVoices_Load(Object sender, EventArgs e) in C:\Users\Marti\Downloads\Ultrasound Decompile\Ultrasound\Ultrasound\fVoices.cs:line 437
   at System.Windows.Forms.Form.OnLoad(EventArgs e)
   at System.Windows.Forms.Form.OnCreateControl()
   at System.Windows.Forms.Control.CreateControl(Boolean fIgnoreVisible)
   at System.Windows.Forms.Control.CreateControl()
   at System.Windows.Forms.Control.WmShowWindow(Message& m)
   at System.Windows.Forms.Control.WndProc(Message& m)
   at System.Windows.Forms.ScrollableControl.WndProc(Message& m)
   at System.Windows.Forms.Form.WmShowWindow(Message& m)
   at System.Windows.Forms.Form.WndProc(Message& m)
   at System.Windows.Forms.Control.ControlNativeWindow.OnMessage(Message& m)
   at System.Windows.Forms.Control.ControlNativeWindow.WndProc(Message& m)
   at System.Windows.Forms.NativeWindow.Callback(IntPtr hWnd, Int32 msg, IntPtr wparam, IntPtr lparam)11/12/2019 03:16:39: System.NullReferenceException: Object reference not set to an instance of an object.
   at Voices.fVoices.fVoices_FormClosed(Object sender, FormClosedEventArgs e) in C:\Users\Marti\Downloads\Ultrasound Decompile\Ultrasound\Ultrasound\fVoices.cs:line 494
   at System.Windows.Forms.Form.OnFormClosed(FormClosedEventArgs e)
   at System.Windows.Forms.Form.WmClose(Message& m)
   at System.Windows.Forms.Form.WndProc(Message& m)
   at System.Windows.Forms.Control.ControlNativeWindow.OnMessage(Message& m)
   at System.Windows.Forms.Control.ControlNativeWindow.WndProc(Message& m)
   at System.Windows.Forms.NativeWindow.Callback(IntPtr hWnd, Int32 msg, IntPtr wparam, IntPtr lparam)11/12/2019 03:16:40: System.NullReferenceException: Object reference not set to an instance of an object.
   at Voices.fVoices.fVoices_FormClosed(Object sender, FormClosedEventArgs e) in C:\Users\Marti\Downloads\Ultrasound Decompile\Ultrasound\Ultrasound\fVoices.cs:line 494
   at System.Windows.Forms.Form.OnFormClosed(FormClosedEventArgs e)
   at System.Windows.Forms.Form.WmClose(Message& m)
   at System.Windows.Forms.Form.WndProc(Message& m)
   at System.Windows.Forms.Control.ControlNativeWindow.OnMessage(Message& m)
   at System.Windows.Forms.Control.ControlNativeWindow.WndProc(Message& m)
   at System.Windows.Forms.NativeWindow.Callback(IntPtr hWnd, Int32 msg, IntPtr wparam, IntPtr lparam)11/12/2019 03:16:40: System.NullReferenceException: Object reference not set to an instance of an object.
   at Voices.fVoices.fVoices_FormClosed(Object sender, FormClosedEventArgs e) in C:\Users\Marti\Downloads\Ultrasound Decompile\Ultrasound\Ultrasound\fVoices.cs:line 494
   at System.Windows.Forms.Form.OnFormClosed(FormClosedEventArgs e)
   at System.Windows.Forms.Form.WmClose(Message& m)
   at System.Windows.Forms.Form.WndProc(Message& m)
   at System.Windows.Forms.Control.ControlNativeWindow.OnMessage(Message& m)
   at System.Windows.Forms.Control.ControlNativeWindow.WndProc(Message& m)
   at System.Windows.Forms.NativeWindow.Callback(IntPtr hWnd, Int32 msg, IntPtr wparam, IntPtr lparam)11/12/2019 03:16:41: System.NullReferenceException: Object reference not set to an instance of an object.
   at Voices.fVoices.fVoices_FormClosed(Object sender, FormClosedEventArgs e) in C:\Users\Marti\Downloads\Ultrasound Decompile\Ultrasound\Ultrasound\fVoices.cs:line 494
   at System.Windows.Forms.Form.OnFormClosed(FormClosedEventArgs e)
   at System.Windows.Forms.Form.WmClose(Message& m)
   at System.Windows.Forms.Form.WndProc(Message& m)
   at System.Windows.Forms.Control.ControlNativeWindow.OnMessage(Message& m)
   at System.Windows.Forms.Control.ControlNativeWindow.WndProc(Message& m)
   at System.Windows.Forms.NativeWindow.Callback(IntPtr hWnd, Int32 msg, IntPtr wparam, IntPtr lparam)11/12/2019 03:16:41: System.NullReferenceException: Object reference not set to an instance of an object.
   at Voices.fVoices.fVoices_FormClosed(Object sender, FormClosedEventArgs e) in C:\Users\Marti\Downloads\Ultrasound Decompile\Ultrasound\Ultrasound\fVoices.cs:line 494
   at System.Windows.Forms.Form.OnFormClosed(FormClosedEventArgs e)
   at System.Windows.Forms.Form.WmClose(Message& m)
   at System.Windows.Forms.Form.WndProc(Message& m)
   at System.Windows.Forms.Control.ControlNativeWindow.OnMessage(Message& m)
   at System.Windows.Forms.Control.ControlNativeWindow.WndProc(Message& m)
   at System.Windows.Forms.NativeWindow.Callback(IntPtr hWnd, Int32 msg, IntPtr wparam, IntPtr lparam)11/12/2019 03:16:41: System.NullReferenceException: Object reference not set to an instance of an object.
   at Voices.fVoices.fVoices_FormClosed(Object sender, FormClosedEventArgs e) in C:\Users\Marti\Downloads\Ultrasound Decompile\Ultrasound\Ultrasound\fVoices.cs:line 494
   at System.Windows.Forms.Form.OnFormClosed(FormClosedEventArgs e)
   at System.Windows.Forms.Form.WmClose(Message& m)
   at System.Windows.Forms.Form.WndProc(Message& m)
   at System.Windows.Forms.Control.ControlNativeWindow.OnMessage(Message& m)
   at System.Windows.Forms.Control.ControlNativeWindow.WndProc(Message& m)
   at System.Windows.Forms.NativeWindow.Callback(IntPtr hWnd, Int32 msg, IntPtr wparam, IntPtr lparam)11/12/2019 03:27:31: System.NullReferenceException: Object reference not set to an instance of an object.
   at System.Xml.XmlReader.CalcBufferSize(Stream input)
   at System.Xml.XmlTextReaderImpl.InitStreamInput(Uri baseUri, String baseUriStr, Stream stream, Byte[] bytes, Int32 byteCount, Encoding encoding)
   at System.Xml.XmlTextReaderImpl..ctor(String url, Stream input, XmlNameTable nt)
   at System.Xml.Serialization.XmlSerializer.Deserialize(Stream stream)
   at Voices.Util.Deserialise[T](Stream input) in C:\Users\Marti\Downloads\Ultrasound Decompile\Ultrasound\Ultrasound\Util.cs:line 346
   at Voices.fVoices.fVoices_Load(Object sender, EventArgs e) in C:\Users\Marti\Downloads\Ultrasound Decompile\Ultrasound\Ultrasound\fVoices.cs:line 437
   at System.Windows.Forms.Form.OnLoad(EventArgs e)
   at System.Windows.Forms.Form.OnCreateControl()
   at System.Windows.Forms.Control.CreateControl(Boolean fIgnoreVisible)
   at System.Windows.Forms.Control.CreateControl()
   at System.Windows.Forms.Control.WmShowWindow(Message& m)
   at System.Windows.Forms.Control.WndProc(Message& m)
   at System.Windows.Forms.ScrollableControl.WndProc(Message& m)
   at System.Windows.Forms.Form.WmShowWindow(Message& m)
   at System.Windows.Forms.Form.WndProc(Message& m)
   at System.Windows.Forms.Control.ControlNativeWindow.OnMessage(Message& m)
   at System.Windows.Forms.Control.ControlNativeWindow.WndProc(Message& m)
   at System.Windows.Forms.NativeWindow.Callback(IntPtr hWnd, Int32 msg, IntPtr wparam, IntPtr lparam)11/12/2019 03:27:36: System.NullReferenceException: Object reference not set to an instance of an object.
   at Voices.fVoices.fVoices_FormClosed(Object sender, FormClosedEventArgs e) in C:\Users\Marti\Downloads\Ultrasound Decompile\Ultrasound\Ultrasound\fVoices.cs:line 494
   at System.Windows.Forms.Form.OnFormClosed(FormClosedEventArgs e)
   at System.Windows.Forms.Form.WmClose(Message& m)
   at System.Windows.Forms.Form.WndProc(Message& m)
   at System.Windows.Forms.Control.ControlNativeWindow.OnMessage(Message& m)
   at System.Windows.Forms.Control.ControlNativeWindow.WndProc(Message& m)
   at System.Windows.Forms.NativeWindow.Callback(IntPtr hWnd, Int32 msg, IntPtr wparam, IntPtr lparam)11/12/2019 03:27:37: System.NullReferenceException: Object reference not set to an instance of an object.
   at Voices.fVoices.fVoices_FormClosed(Object sender, FormClosedEventArgs e) in C:\Users\Marti\Downloads\Ultrasound Decompile\Ultrasound\Ultrasound\fVoices.cs:line 494
   at System.Windows.Forms.Form.OnFormClosed(FormClosedEventArgs e)
   at System.Windows.Forms.Form.WmClose(Message& m)
   at System.Windows.Forms.Form.WndProc(Message& m)
   at System.Windows.Forms.Control.ControlNativeWindow.OnMessage(Message& m)
   at System.Windows.Forms.Control.ControlNativeWindow.WndProc(Message& m)
   at System.Windows.Forms.NativeWindow.Callback(IntPtr hWnd, Int32 msg, IntPtr wparam, IntPtr lparam)11/12/2019 03:27:38: System.NullReferenceException: Object reference not set to an instance of an object.
   at Voices.fVoices.fVoices_FormClosed(Object sender, FormClosedEventArgs e) in C:\Users\Marti\Downloads\Ultrasound Decompile\Ultrasound\Ultrasound\fVoices.cs:line 494
   at System.Windows.Forms.Form.OnFormClosed(FormClosedEventArgs e)
   at System.Windows.Forms.Form.WmClose(Message& m)
   at System.Windows.Forms.Form.WndProc(Message& m)
   at System.Windows.Forms.Control.ControlNativeWindow.OnMessage(Message& m)
   at System.Windows.Forms.Control.ControlNativeWindow.WndProc(Message& m)
   at System.Windows.Forms.NativeWindow.Callback(IntPtr hWnd, Int32 msg, IntPtr wparam, IntPtr lparam)11/12/2019 03:27:38: System.NullReferenceException: Object reference not set to an instance of an object.
   at Voices.fVoices.fVoices_FormClosed(Object sender, FormClosedEventArgs e) in C:\Users\Marti\Downloads\Ultrasound Decompile\Ultrasound\Ultrasound\fVoices.cs:line 494
   at System.Windows.Forms.Form.OnFormClosed(FormClosedEventArgs e)
   at System.Windows.Forms.Form.WmClose(Message& m)
   at System.Windows.Forms.Form.WndProc(Message& m)
   at System.Windows.Forms.Control.ControlNativeWindow.OnMessage(Message& m)
   at System.Windows.Forms.Control.ControlNativeWindow.WndProc(Message& m)
   at System.Windows.Forms.NativeWindow.Callback(IntPtr hWnd, Int32 msg, IntPtr wparam, IntPtr lparam)11/12/2019 03:27:38: System.NullReferenceException: Object reference not set to an instance of an object.
   at Voices.fVoices.fVoices_FormClosed(Object sender, FormClosedEventArgs e) in C:\Users\Marti\Downloads\Ultrasound Decompile\Ultrasound\Ultrasound\fVoices.cs:line 494
   at System.Windows.Forms.Form.OnFormClosed(FormClosedEventArgs e)
   at System.Windows.Forms.Form.WmClose(Message& m)
   at System.Windows.Forms.Form.WndProc(Message& m)
   at System.Windows.Forms.Control.ControlNativeWindow.OnMessage(Message& m)
   at System.Windows.Forms.Control.ControlNativeWindow.WndProc(Message& m)
   at System.Windows.Forms.NativeWindow.Callback(IntPtr hWnd, Int32 msg, IntPtr wparam, IntPtr lparam)11/12/2019 03:27:38: System.NullReferenceException: Object reference not set to an instance of an object.
   at Voices.fVoices.fVoices_FormClosed(Object sender, FormClosedEventArgs e) in C:\Users\Marti\Downloads\Ultrasound Decompile\Ultrasound\Ultrasound\fVoices.cs:line 494
   at System.Windows.Forms.Form.OnFormClosed(FormClosedEventArgs e)
   at System.Windows.Forms.Form.WmClose(Message& m)
   at System.Windows.Forms.Form.WndProc(Message& m)
   at System.Windows.Forms.Control.ControlNativeWindow.OnMessage(Message& m)
   at System.Windows.Forms.Control.ControlNativeWindow.WndProc(Message& m)
   at System.Windows.Forms.NativeWindow.Callback(IntPtr hWnd, Int32 msg, IntPtr wparam, IntPtr lparam)11/12/2019 03:27:39: System.NullReferenceException: Object reference not set to an instance of an object.
   at Voices.fVoices.fVoices_FormClosed(Object sender, FormClosedEventArgs e) in C:\Users\Marti\Downloads\Ultrasound Decompile\Ultrasound\Ultrasound\fVoices.cs:line 494
   at System.Windows.Forms.Form.OnFormClosed(FormClosedEventArgs e)
   at System.Windows.Forms.Form.WmClose(Message& m)
   at System.Windows.Forms.Form.WndProc(Message& m)
   at System.Windows.Forms.Control.ControlNativeWindow.OnMessage(Message& m)
   at System.Windows.Forms.Control.ControlNativeWindow.WndProc(Message& m)
   at System.Windows.Forms.NativeWindow.Callback(IntPtr hWnd, Int32 msg, IntPtr wparam, IntPtr lparam)11/12/2019 03:27:39: System.NullReferenceException: Object reference not set to an instance of an object.
   at Voices.fVoices.fVoices_FormClosed(Object sender, FormClosedEventArgs e) in C:\Users\Marti\Downloads\Ultrasound Decompile\Ultrasound\Ultrasound\fVoices.cs:line 494
   at System.Windows.Forms.Form.OnFormClosed(FormClosedEventArgs e)
   at System.Windows.Forms.Form.WmClose(Message& m)
   at System.Windows.Forms.Form.WndProc(Message& m)
   at System.Windows.Forms.Control.ControlNativeWindow.OnMessage(Message& m)
   at System.Windows.Forms.Control.ControlNativeWindow.WndProc(Message& m)
   at System.Windows.Forms.NativeWindow.Callback(IntPtr hWnd, Int32 msg, IntPtr wparam, IntPtr lparam)11/12/2019 03:27:40: System.NullReferenceException: Object reference not set to an instance of an object.
   at Voices.fVoices.fVoices_FormClosed(Object sender, FormClosedEventArgs e) in C:\Users\Marti\Downloads\Ultrasound Decompile\Ultrasound\Ultrasound\fVoices.cs:line 494
   at System.Windows.Forms.Form.OnFormClosed(FormClosedEventArgs e)
   at System.Windows.Forms.Form.WmClose(Message& m)
   at System.Windows.Forms.Form.WndProc(Message& m)
   at System.Windows.Forms.Control.ControlNativeWindow.OnMessage(Message& m)
   at System.Windows.Forms.Control.ControlNativeWindow.WndProc(Message& m)
   at System.Windows.Forms.NativeWindow.Callback(IntPtr hWnd, Int32 msg, IntPtr wparam, IntPtr lparam)11/12/2019 03:27:40: System.NullReferenceException: Object reference not set to an instance of an object.
   at Voices.fVoices.fVoices_FormClosed(Object sender, FormClosedEventArgs e) in C:\Users\Marti\Downloads\Ultrasound Decompile\Ultrasound\Ultrasound\fVoices.cs:line 494
   at System.Windows.Forms.Form.OnFormClosed(FormClosedEventArgs e)
   at System.Windows.Forms.Form.WmClose(Message& m)
   at System.Windows.Forms.Form.WndProc(Message& m)
   at System.Windows.Forms.Control.ControlNativeWindow.OnMessage(Message& m)
   at System.Windows.Forms.Control.ControlNativeWindow.WndProc(Message& m)
   at System.Windows.Forms.NativeWindow.Callback(IntPtr hWnd, Int32 msg, IntPtr wparam, IntPtr lparam)11/12/2019 03:27:43: System.NullReferenceException: Object reference not set to an instance of an object.
   at Voices.fVoices.fVoices_FormClosed(Object sender, FormClosedEventArgs e) in C:\Users\Marti\Downloads\Ultrasound Decompile\Ultrasound\Ultrasound\fVoices.cs:line 494
   at System.Windows.Forms.Form.OnFormClosed(FormClosedEventArgs e)
   at System.Windows.Forms.Form.WmClose(Message& m)
   at System.Windows.Forms.Form.WndProc(Message& m)
   at System.Windows.Forms.Control.ControlNativeWindow.OnMessage(Message& m)
   at System.Windows.Forms.Control.ControlNativeWindow.WndProc(Message& m)
   at System.Windows.Forms.NativeWindow.Callback(IntPtr hWnd, Int32 msg, IntPtr wparam, IntPtr lparam)11/12/2019 03:33:39: System.IO.DirectoryNotFoundException: Could not find a part of the path 'C:\Users\Marti\Downloads\Ultrasound Decompile\Ultrasound\Ultrasound 7H\Ultrasound7H\bin\Debug\Resources\bell.ico'.
   at System.IO.__Error.WinIOError(Int32 errorCode, String maybeFullPath)
   at System.IO.FileStream.Init(String path, FileMode mode, FileAccess access, Int32 rights, Boolean useRights, FileShare share, Int32 bufferSize, FileOptions options, SECURITY_ATTRIBUTES secAttrs, String msgPath, Boolean bFromProxy, Boolean useLongPath, Boolean checkHost)
   at System.IO.FileStream..ctor(String path, FileMode mode, FileAccess access, FileShare share)
   at System.Drawing.Icon..ctor(String fileName, Int32 width, Int32 height)
   at System.Drawing.Icon..ctor(String fileName)
   at Voices.fVoices.InitializeComponent() in C:\Users\Marti\Downloads\Ultrasound Decompile\Ultrasound\Ultrasound\fVoices.cs:line 577
   at Voices.fVoices..ctor(DataSource data) in C:\Users\Marti\Downloads\Ultrasound Decompile\Ultrasound\Ultrasound\fVoices.cs:line 111
   at Voices.Program.Main() in C:\Users\Marti\Downloads\Ultrasound Decompile\Ultrasound\Ultrasound\Program.cs:line 25